This is pdfTeX, Version 3.14159265-2.6-1.40.20 (TeX Live 2019) (preloaded format=pdflatex 2019.12.8)  10 FEB 2020 17:08
entering extended mode
 \write18 enabled.
 %&-line parsing enabled.
**notes.tex
(./notes.tex
LaTeX2e <2019-10-01> patch level 3
(/home/kirk/.TinyTeX/texmf-dist/tex/latex/base/article.cls
Document Class: article 2019/10/25 v1.4k Standard LaTeX document class
(/home/kirk/.TinyTeX/texmf-dist/tex/latex/base/size10.clo
File: size10.clo 2019/10/25 v1.4k Standard LaTeX file (size option)
)
\c@part=\count80
\c@section=\count81
\c@subsection=\count82
\c@subsubsection=\count83
\c@paragraph=\count84
\c@subparagraph=\count85
\c@figure=\count86
\c@table=\count87
\abovecaptionskip=\skip41
\belowcaptionskip=\skip42
\bibindent=\dimen102
)
(/home/kirk/.TinyTeX/texmf-dist/tex/latex/amsmath/amsmath.sty
Package: amsmath 2019/11/16 v2.17d AMS math features
\@mathmargin=\skip43

For additional information on amsmath, use the `?' option.
(/home/kirk/.TinyTeX/texmf-dist/tex/latex/amsmath/amstext.sty
Package: amstext 2000/06/29 v2.01 AMS text

(/home/kirk/.TinyTeX/texmf-dist/tex/latex/amsmath/amsgen.sty
File: amsgen.sty 1999/11/30 v2.0 generic functions
\@emptytoks=\toks14
\ex@=\dimen103
))
(/home/kirk/.TinyTeX/texmf-dist/tex/latex/amsmath/amsbsy.sty
Package: amsbsy 1999/11/29 v1.2d Bold Symbols
\pmbraise@=\dimen104
)
(/home/kirk/.TinyTeX/texmf-dist/tex/latex/amsmath/amsopn.sty
Package: amsopn 2016/03/08 v2.02 operator names
)
\inf@bad=\count88
LaTeX Info: Redefining \frac on input line 227.
\uproot@=\count89
\leftroot@=\count90
LaTeX Info: Redefining \overline on input line 389.
\classnum@=\count91
\DOTSCASE@=\count92
LaTeX Info: Redefining \ldots on input line 486.
LaTeX Info: Redefining \dots on input line 489.
LaTeX Info: Redefining \cdots on input line 610.
\Mathstrutbox@=\box27
\strutbox@=\box28
\big@size=\dimen105
LaTeX Font Info:    Redeclaring font encoding OML on input line 733.
LaTeX Font Info:    Redeclaring font encoding OMS on input line 734.
\macc@depth=\count93
\c@MaxMatrixCols=\count94
\dotsspace@=\muskip10
\c@parentequation=\count95
\dspbrk@lvl=\count96
\tag@help=\toks15
\row@=\count97
\column@=\count98
\maxfields@=\count99
\andhelp@=\toks16
\eqnshift@=\dimen106
\alignsep@=\dimen107
\tagshift@=\dimen108
\tagwidth@=\dimen109
\totwidth@=\dimen110
\lineht@=\dimen111
\@envbody=\toks17
\multlinegap=\skip44
\multlinetaggap=\skip45
\mathdisplay@stack=\toks18
LaTeX Info: Redefining \[ on input line 2858.
LaTeX Info: Redefining \] on input line 2859.
)
(/home/kirk/.TinyTeX/texmf-dist/tex/latex/amsfonts/amssymb.sty
Package: amssymb 2013/01/14 v3.01 AMS font symbols

(/home/kirk/.TinyTeX/texmf-dist/tex/latex/amsfonts/amsfonts.sty
Package: amsfonts 2013/01/14 v3.01 Basic AMSFonts support
\symAMSa=\mathgroup4
\symAMSb=\mathgroup5
LaTeX Font Info:    Redeclaring math symbol \hbar on input line 98.
LaTeX Font Info:    Overwriting math alphabet `\mathfrak' in version `bold'
(Font)                  U/euf/m/n --> U/euf/b/n on input line 106.
))
(/home/kirk/.TinyTeX/texmf-dist/tex/latex/enumitem/enumitem.sty
Package: enumitem 2019/06/20 v3.9 Customized lists
\enitkv@toks@=\toks19
\labelindent=\skip46
\enit@outerparindent=\dimen112
\enit@toks=\toks20
\enit@inbox=\box29
\enit@count@id=\count100
\enitdp@description=\count101
)
(/home/kirk/.TinyTeX/texmf-dist/tex/latex/changepage/changepage.sty
Package: changepage 2009/10/20 v1.0c check page and change page layout
\c@cp@cntr=\count102
\cp@tempcnt=\count103
)
(/home/kirk/.TinyTeX/texmf-dist/tex/latex/etoolbox/etoolbox.sty
Package: etoolbox 2019/09/21 v2.5h e-TeX tools for LaTeX (JAW)
\etb@tempcnta=\count104
) (./notes.aux)
\openout1 = `notes.aux'.

LaTeX Font Info:    Checking defaults for OML/cmm/m/it on input line 38.
LaTeX Font Info:    ... okay on input line 38.
LaTeX Font Info:    Checking defaults for T1/cmr/m/n on input line 38.
LaTeX Font Info:    ... okay on input line 38.
LaTeX Font Info:    Checking defaults for OT1/cmr/m/n on input line 38.
LaTeX Font Info:    ... okay on input line 38.
LaTeX Font Info:    Checking defaults for OMS/cmsy/m/n on input line 38.
LaTeX Font Info:    ... okay on input line 38.
LaTeX Font Info:    Checking defaults for OMX/cmex/m/n on input line 38.
LaTeX Font Info:    ... okay on input line 38.
LaTeX Font Info:    Checking defaults for U/cmr/m/n on input line 38.
LaTeX Font Info:    ... okay on input line 38.
LaTeX Font Info:    Trying to load font information for U+msa on input line 45.


(/home/kirk/.TinyTeX/texmf-dist/tex/latex/amsfonts/umsa.fd
File: umsa.fd 2013/01/14 v3.01 AMS symbols A
)
LaTeX Font Info:    Trying to load font information for U+msb on input line 45.


(/home/kirk/.TinyTeX/texmf-dist/tex/latex/amsfonts/umsb.fd
File: umsb.fd 2013/01/14 v3.01 AMS symbols B
)
Underfull \hbox (badness 10000) in paragraph at lines 44--46

 []


Underfull \hbox (badness 10000) in paragraph at lines 47--49

 []


Underfull \hbox (badness 10000) in paragraph at lines 61--63

 []


Underfull \hbox (badness 10000) in paragraph at lines 64--66

 []


Underfull \hbox (badness 10000) in paragraph at lines 67--69

 []


Underfull \hbox (badness 2245) in paragraph at lines 94--95
[]\OT1/cmr/m/n/10 Let $\OML/cmm/m/it/10 a; b \OMS/cmsy/m/n/10 2 \OML/cmm/m/it/1
0 G$\OT1/cmr/m/n/10 . In-deed, $(\OML/cmm/m/it/10 ab\OT1/cmr/m/n/10 )(\OML/cmm/
m/it/10 b[]a[]\OT1/cmr/m/n/10 ) =
 []


Underfull \hbox (badness 1990) in paragraph at lines 94--95
\OML/cmm/m/it/10 a\OT1/cmr/m/n/10 (\OML/cmm/m/it/10 bb[]\OT1/cmr/m/n/10 )\OML/c
mm/m/it/10 a[] \OT1/cmr/m/n/10 = \OML/cmm/m/it/10 aea[] \OT1/cmr/m/n/10 = \OML/
cmm/m/it/10 aa[] \OT1/cmr/m/n/10 = \OML/cmm/m/it/10 e$ \OT1/cmr/m/n/10 and
 []


Underfull \hbox (badness 10000) in paragraph at lines 101--105

 []

[1

{/home/kirk/.TinyTeX/texmf-var/fonts/map/pdftex/updmap/pdftex.map}]
Underfull \hbox (badness 2126) in paragraph at lines 180--181
\OML/cmm/m/it/10 a[]a[] [] a[]$\OT1/cmr/m/n/10 , re-tain-ing the or-der of the 
el-e-
 []


Underfull \hbox (badness 10000) in paragraph at lines 185--187

 []


Underfull \hbox (badness 10000) in paragraph at lines 188--190

 []


Underfull \hbox (badness 10000) in paragraph at lines 199--202

 []


Underfull \hbox (badness 10000) in paragraph at lines 203--208

 []

[2]
Underfull \hbox (badness 10000) in paragraph at lines 209--211

 []


Underfull \hbox (badness 3407) in paragraph at lines 212--218
\OT1/cmr/m/n/10 Next, sup-pose that $\OML/cmm/m/it/10 a \OMS/cmsy/m/n/10 ^^Q \O
ML/cmm/m/it/10 b[]  H$\OT1/cmr/m/n/10 . Then
 []


Underfull \hbox (badness 10000) in paragraph at lines 212--218

 []


Underfull \hbox (badness 4266) in paragraph at lines 219--221
\OT1/cmr/m/n/10 If $\OML/cmm/m/it/10 H$ \OT1/cmr/m/n/10 is a sub-group of $\OML
/cmm/m/it/10 G$\OT1/cmr/m/n/10 , $\OML/cmm/m/it/10 a \OMS/cmsy/m/n/10 2 \OML/cm
m/m/it/10 G$\OT1/cmr/m/n/10 , then
 []


Underfull \hbox (badness 10000) in paragraph at lines 219--221

 []


Underfull \hbox (badness 1009) in paragraph at lines 222--227
\OT1/cmr/m/n/10 show that $\OML/cmm/m/it/10 Ha \OMS/cmsy/m/n/10 ^^R \OT1/cmr/m/
n/10 [\OML/cmm/m/it/10 a\OT1/cmr/m/n/10 ]$. For, if $\OML/cmm/m/it/10 h \OMS/cm
sy/m/n/10 2 \OML/cmm/m/it/10 H$\OT1/cmr/m/n/10 , then
 []


Underfull \hbox (badness 10000) in paragraph at lines 222--227

 []


Underfull \hbox (badness 1178) in paragraph at lines 228--232
\OT1/cmr/m/n/10 cor-re-spon-dence be-tween $\OML/cmm/m/it/10 Ha$ \OT1/cmr/m/n/1
0 and $\OML/cmm/m/it/10 Hb$\OT1/cmr/m/n/10 , and since
 []


Underfull \hbox (badness 10000) in paragraph at lines 228--232

 []


Underfull \hbox (badness 10000) in paragraph at lines 233--237

 []


Underfull \hbox (badness 10000) in paragraph at lines 238--240

 []


Underfull \hbox (badness 10000) in paragraph at lines 241--243

 []


Underfull \hbox (badness 10000) in paragraph at lines 247--250

 []

[3] [4

] (./notes.aux) ) 
Here is how much of TeX's memory you used:
 2051 strings out of 494108
 24704 string characters out of 6173990
 99196 words of memory out of 5000000
 6200 multiletter control sequences out of 15000+600000
 6549 words of font info for 26 fonts, out of 8000000 for 9000
 14 hyphenation exceptions out of 8191
 30i,5n,31p,802b,231s stack positions out of 5000i,500n,10000p,200000b,80000s
</home/kirk/.TinyTeX/texmf-dist/fonts/type1/public/amsfonts/cm
/cmbx12.pfb></home/kirk/.TinyTeX/texmf-dist/fonts/type1/public/amsfonts/cm/cmex
10.pfb></home/kirk/.TinyTeX/texmf-dist/fonts/type1/public/amsfonts/cm/cmmi10.pf
b></home/kirk/.TinyTeX/texmf-dist/fonts/type1/public/amsfonts/cm/cmmi7.pfb></ho
me/kirk/.TinyTeX/texmf-dist/fonts/type1/public/amsfonts/cm/cmr10.pfb></home/kir
k/.TinyTeX/texmf-dist/fonts/type1/public/amsfonts/cm/cmr7.pfb></home/kirk/.Tiny
TeX/texmf-dist/fonts/type1/public/amsfonts/cm/cmsy10.pfb></home/kirk/.TinyTeX/t
exmf-dist/fonts/type1/public/amsfonts/cm/cmsy7.pfb></home/kirk/.TinyTeX/texmf-d
ist/fonts/type1/public/amsfonts/symbols/msam10.pfb></home/kirk/.TinyTeX/texmf-d
ist/fonts/type1/public/amsfonts/symbols/msbm10.pfb>
Output written on notes.pdf (4 pages, 116718 bytes).
PDF statistics:
 57 PDF objects out of 1000 (max. 8388607)
 40 compressed objects within 1 object stream
 0 named destinations out of 1000 (max. 500000)
 1 words of extra memory for PDF output out of 10000 (max. 10000000)

